<?xml version="1.0" encoding="UTF-8"?>
<!-- Generated by org.testng.reporters.JUnitReportReporter -->
<testsuite hostname="INPUL5CG7232C74" name="testmvn.SampleTest" tests="4" failures="0" timestamp="11 Dec 2018 15:12:37 GMT" time="0.028" errors="0">
  <testcase name="div" time="0.018" classname="testmvn.SampleTest"/>
  <testcase name="mul" time="0.003" classname="testmvn.SampleTest"/>
  <testcase name="sum" time="0.004" classname="testmvn.SampleTest"/>
  <testcase name="sub" time="0.003" classname="testmvn.SampleTest"/>
</testsuite> <!-- testmvn.SampleTest -->
