<?xml version="1.0" encoding="UTF-8"?>
<!-- Generated by org.testng.reporters.JUnitReportReporter -->
<testsuite hostname="INPUL5CG7232C74" name="com.syn.qa.testcases.RedirectsInJapan" tests="1" failures="0" timestamp="24 Oct 2019 09:38:41 GMT" time="2054.847" errors="0">
  <testcase name="redirects" time="2054.847" classname="com.syn.qa.testcases.RedirectsInJapan"/>
</testsuite> <!-- com.syn.qa.testcases.RedirectsInJapan -->
