<?xml version="1.0" encoding="UTF-8"?>
<!-- Generated by org.testng.reporters.JUnitReportReporter -->
<testsuite hostname="INPUL5CG7232C74" name="com.syn.qa.testcases.CustomerSettingsTest" tests="1" failures="0" timestamp="20 Dec 2018 14:20:46 GMT" time="34.334" errors="0">
  <testcase name="fillCustomerSettingsFormTest" time="34.334" classname="com.syn.qa.testcases.CustomerSettingsTest"/>
</testsuite> <!-- com.syn.qa.testcases.CustomerSettingsTest -->
