<?xml version="1.0" encoding="UTF-8"?>
<!-- Generated by org.testng.reporters.JUnitReportReporter -->
<testsuite hostname="INPUL5CG7232C74" name="com.syn.qa.testcases.ConfigurationPageTest" tests="2" failures="0" timestamp="8 Feb 2019 10:58:47 GMT" time="80.848" errors="0">
  <testcase name="clickOnCustomerSettingsTest" time="44.089" classname="com.syn.qa.testcases.ConfigurationPageTest"/>
  <testcase name="clickOnSearchAPITest" time="36.759" classname="com.syn.qa.testcases.ConfigurationPageTest"/>
</testsuite> <!-- com.syn.qa.testcases.ConfigurationPageTest -->
