<?xml version="1.0" encoding="UTF-8"?>
<!-- Generated by org.testng.reporters.JUnitReportReporter -->
<testsuite hostname="INPUL5CG7232C74" name="com.syn.qa.testcases.HomePageTest" tests="3" failures="0" timestamp="13 Dec 2018 14:39:51 GMT" time="73.609" errors="0">
  <testcase name="clickOnMenuLinkTest" time="24.996" classname="com.syn.qa.testcases.HomePageTest"/>
  <testcase name="ClickOnConfigLinkTest" time="27.720" classname="com.syn.qa.testcases.HomePageTest"/>
  <testcase name="verifyHomePageTitleTest" time="20.893" classname="com.syn.qa.testcases.HomePageTest"/>
</testsuite> <!-- com.syn.qa.testcases.HomePageTest -->
