<?xml version="1.0" encoding="UTF-8"?>
<!-- Generated by org.testng.reporters.JUnitReportReporter -->
<testsuite hostname="INPUL5CG7232C74" name="com.syn.qa.testcases.FeaturesPageTest" tests="1" failures="0" timestamp="17 Dec 2018 08:14:37 GMT" time="65.088" errors="0">
  <testcase name="clickOnSyngentaFeatureTest" time="65.088" classname="com.syn.qa.testcases.FeaturesPageTest"/>
</testsuite> <!-- com.syn.qa.testcases.FeaturesPageTest -->
