<?xml version="1.0" encoding="UTF-8"?>
<!-- Generated by org.testng.reporters.JUnitReportReporter -->
<testsuite hostname="INPUL5CG7232C74" name="com.syn.qa.testcases.LoginPageTest" tests="1" failures="0" timestamp="13 Dec 2018 11:51:03 GMT" time="22.533" errors="0">
  <testcase name="loginTest" time="22.533" classname="com.syn.qa.testcases.LoginPageTest"/>
</testsuite> <!-- com.syn.qa.testcases.LoginPageTest -->
