<?xml version="1.0" encoding="UTF-8"?>
<!-- Generated by org.testng.reporters.JUnitReportReporter -->
<testsuite hostname="INPUL5CG7232C74" name="com.syn.qa.testcases.Counting_ContentTypes" tests="1" failures="0" timestamp="31 Oct 2019 15:00:26 GMT" time="453.018" errors="0">
  <testcase name="content_types" time="453.018" classname="com.syn.qa.testcases.Counting_ContentTypes"/>
</testsuite> <!-- com.syn.qa.testcases.Counting_ContentTypes -->
