<?xml version="1.0" encoding="UTF-8"?>
<!-- Generated by org.testng.reporters.JUnitReportReporter -->
<testsuite hostname="INPUL5CG7232C74" name="com.syn.qa.testcases.GlobalNodePageTest" tests="3" failures="0" timestamp="14 Dec 2018 05:55:51 GMT" time="114.862" errors="0">
  <testcase name="clickOnIndexNowBtnTest" time="47.851" classname="com.syn.qa.testcases.GlobalNodePageTest"/>
  <testcase name="clickOnReindexTest" time="31.992" classname="com.syn.qa.testcases.GlobalNodePageTest"/>
  <testcase name="clickOnConfirmBtnTest" time="35.019" classname="com.syn.qa.testcases.GlobalNodePageTest"/>
</testsuite> <!-- com.syn.qa.testcases.GlobalNodePageTest -->
